c:\users\schir\onedrive\escritorio\quarkclothingstore\quarkclothingstore\x64\debug\vc143.pdb
c:\users\schir\onedrive\escritorio\quarkclothingstore\quarkclothingstore\x64\debug\vc143.idb
c:\users\schir\onedrive\escritorio\quarkclothingstore\quarkclothingstore\x64\debug\store.obj
c:\users\schir\onedrive\escritorio\quarkclothingstore\quarkclothingstore\x64\debug\setup.obj
c:\users\schir\onedrive\escritorio\quarkclothingstore\quarkclothingstore\x64\debug\presenter.obj
c:\users\schir\onedrive\escritorio\quarkclothingstore\quarkclothingstore\x64\debug\quality.obj
c:\users\schir\onedrive\escritorio\quarkclothingstore\quarkclothingstore\x64\debug\pants.obj
c:\users\schir\onedrive\escritorio\quarkclothingstore\quarkclothingstore\x64\debug\shirt.obj
c:\users\schir\onedrive\escritorio\quarkclothingstore\quarkclothingstore\x64\debug\garment.obj
c:\users\schir\onedrive\escritorio\quarkclothingstore\quarkclothingstore\x64\debug\source.obj
c:\users\schir\onedrive\escritorio\quarkclothingstore\quarkclothingstore\x64\debug\quote.obj
c:\users\schir\onedrive\escritorio\quarkclothingstore\quarkclothingstore\x64\debug\seller.obj
c:\users\schir\onedrive\escritorio\quarkclothingstore\quarkclothingstore\x64\debug\main.obj
c:\users\schir\onedrive\escritorio\quarkclothingstore\quarkclothingstore\x64\debug\view.obj
c:\users\schir\onedrive\escritorio\quarkclothingstore\x64\debug\quarkclothingstore.exe
c:\users\schir\onedrive\escritorio\quarkclothingstore\quarkclothingstore\x64\debug\quarkclothingstore.ilk
c:\users\schir\onedrive\escritorio\quarkclothingstore\x64\debug\quarkclothingstore.pdb
c:\users\schir\onedrive\escritorio\quarkclothingstore\quarkclothingstore\x64\debug\view.obj.enc
c:\users\schir\onedrive\escritorio\quarkclothingstore\quarkclothingstore\x64\debug\quarkclo.cbf6e98f.tlog\cl.command.1.tlog
c:\users\schir\onedrive\escritorio\quarkclothingstore\quarkclothingstore\x64\debug\quarkclo.cbf6e98f.tlog\cl.read.1.tlog
c:\users\schir\onedrive\escritorio\quarkclothingstore\quarkclothingstore\x64\debug\quarkclo.cbf6e98f.tlog\cl.write.1.tlog
c:\users\schir\onedrive\escritorio\quarkclothingstore\quarkclothingstore\x64\debug\quarkclo.cbf6e98f.tlog\link.command.1.tlog
c:\users\schir\onedrive\escritorio\quarkclothingstore\quarkclothingstore\x64\debug\quarkclo.cbf6e98f.tlog\link.read.1.tlog
c:\users\schir\onedrive\escritorio\quarkclothingstore\quarkclothingstore\x64\debug\quarkclo.cbf6e98f.tlog\link.write.1.tlog
